#-----------------------------------------------------------
# Vivado v2016.4 (64-bit)
# SW Build 1756540 on Mon Jan 23 19:11:23 MST 2017
# IP Build 1755317 on Mon Jan 23 20:30:07 MST 2017
# Start of session at: Thu Oct 24 19:52:56 2019
# Process ID: 6560
# Current directory: C:/Users/Venci/Desktop/microe/hw1/blk_mem
# Command line: vivado.exe -gui_launcher_event rodinguilauncherevent10876 C:\Users\Venci\Desktop\microe\hw1\blk_mem\blk_mem.dcp
# Log file: C:/Users/Venci/Desktop/microe/hw1/blk_mem/vivado.log
# Journal file: C:/Users/Venci/Desktop/microe/hw1/blk_mem\vivado.jou
#-----------------------------------------------------------
start_gui
open_checkpoint {C:\Users\Venci\Desktop\microe\hw1\blk_mem\blk_mem.dcp}
Command: open_checkpoint {C:\Users\Venci\Desktop\microe\hw1\blk_mem\blk_mem.dcp}

Starting open_checkpoint Task

Time (s): cpu = 00:00:00 ; elapsed = 00:00:00.087 . Memory (MB): peak = 670.078 ; gain = 2.891
INFO: [IP_Flow 19-234] Refreshing IP repositories
INFO: [IP_Flow 19-1704] No user IP repositories specified
INFO: [IP_Flow 19-2313] Loaded Vivado IP repository 'C:/Xilinx/Vivado/2016.4/data/ip'.
INFO: [Project 1-479] Netlist was created with Vivado 2016.4
INFO: [Device 21-403] Loading part xc7z010clg400-1
INFO: [Project 1-570] Preparing netlist for logic optimization
Parsing XDC File [C:/Users/Venci/Desktop/microe/hw1/blk_mem/.Xil/Vivado-6560-VincentPC/dcp/blk_mem_early.xdc]
INFO: [Vivado 12-4761] HD.CLK_SRC property is set on port clka. The net connecting to the port drives either clock PIN or hierarchical black box. Use the create_clock constraint to create a clock on this port prior to setting HD.CLK_SRC.  [d:/Work/guanghui_embedded/project_1/project_1.srcs/sources_1/ip/blk_mem/blk_mem_ooc.xdc:54]
Finished Parsing XDC File [C:/Users/Venci/Desktop/microe/hw1/blk_mem/.Xil/Vivado-6560-VincentPC/dcp/blk_mem_early.xdc]
INFO: [Project 1-111] Unisim Transformation Summary:
No Unisim elements were transformed.

INFO: [Project 1-604] Checkpoint was created with Vivado v2016.4 (64-bit) build 1756540
open_checkpoint: Time (s): cpu = 00:00:25 ; elapsed = 00:00:17 . Memory (MB): peak = 1065.820 ; gain = 413.051
exit
INFO: [Common 17-206] Exiting Vivado at Thu Oct 24 19:53:35 2019...
